<?xml version="1.0" encoding="UTF-8"?>
<!DOCTYPE KMYMONEY-FILE>
<KMYMONEY-FILE>
  <FILEINFO>
    <CREATION_DATE date=""/>
    <LAST_MODIFIED_DATE date="2024-10-22T00:03:06+02:00"/>
    <VERSION id="1"/>
    <FIXVERSION date=""/>
    <APPVERSION id="5.1.80-cb11ba4da"/>
  </FILEINFO>
  <USER name="" email="">
    <ADDRESS street="" city="" state="" zip="" telephone="" country="" county="" zipcode="" postcode=""/>
  </USER>
  <INSTITUTIONS/>
  <PAYEES/>
  <COSTCENTERS/>
  <TAGS>
    <TAG id="G000001" name="tag1" closed="0" tagcolor="#000000"/>
    <TAG id="G000002" name="tag2" closed="0" tagcolor="#000000"/>
    <TAG id="G000003" name="tag3" closed="0" tagcolor="#000000"/>
  </TAGS>
  <ACCOUNTS>
    <ACCOUNT id="AStd::Asset" parentaccount="" lastreconciled="" lastmodified="" institution="" opened="" number="" type="9" name="Asset" description="" currency="EUR">
      <SUBACCOUNTS>
        <SUBACCOUNT id="A000001"/>
        <SUBACCOUNT id="A000002"/>
      </SUBACCOUNTS>
    </ACCOUNT>
    <ACCOUNT id="AStd::Liability" parentaccount="" lastreconciled="" lastmodified="" institution="" opened="" number="" type="10" name="Liability" description="" currency="EUR"/>
    <ACCOUNT id="AStd::Expense" parentaccount="" lastreconciled="" lastmodified="" institution="" opened="" number="" type="13" name="Expense" description="" currency="EUR">
      <SUBACCOUNTS>
        <SUBACCOUNT id="A000003"/>
        <SUBACCOUNT id="A000004"/>
      </SUBACCOUNTS>
    </ACCOUNT>
    <ACCOUNT id="AStd::Income" parentaccount="" lastreconciled="" lastmodified="" institution="" opened="" number="" type="12" name="Income" description="" currency="EUR"/>
    <ACCOUNT id="AStd::Equity" parentaccount="" lastreconciled="" lastmodified="" institution="" opened="" number="" type="16" name="Equity" description="" currency="EUR"/>
    <ACCOUNT id="A000001" parentaccount="AStd::Asset" lastreconciled="" lastmodified="2024-10-22" institution="" opened="2024-01-01" number="" type="1" name="bank" description="" currency="EUR"/>
    <ACCOUNT id="A000002" parentaccount="AStd::Asset" lastreconciled="" lastmodified="2024-01-23" institution="" opened="2024-01-01" number="" type="1" name="usbank" description="" currency="USD"/>
    <ACCOUNT id="A000003" parentaccount="AStd::Expense" lastreconciled="" lastmodified="2024-10-22" institution="" opened="1900-01-01" number="" type="13" name="category1" description="" currency="EUR"/>
    <ACCOUNT id="A000004" parentaccount="AStd::Expense" lastreconciled="" lastmodified="2024-01-26" institution="" opened="1900-01-01" number="" type="13" name="category2" description="" currency="EUR"/>
  </ACCOUNTS>
  <TRANSACTIONS>
    <TRANSACTION id="T000000000000000001" postdate="2024-01-08" memo="" entrydate="2024-01-08" commodity="EUR">
      <SPLITS>
        <SPLIT id="S0001" payee="" reconciledate="" action="" reconcileflag="0" value="-100/1" shares="-100/1" price="1/1" memo="" account="A000001" number="" bankid=""/>
        <SPLIT id="S0002" payee="" reconciledate="" action="" reconcileflag="0" value="100/1" shares="100/1" price="1/1" memo="" account="A000002" number="" bankid=""/>
      </SPLITS>
    </TRANSACTION>
    <TRANSACTION id="T000000000000000002" postdate="2024-01-10" memo="" entrydate="2024-01-23" commodity="EUR">
      <SPLITS>
        <SPLIT id="S0001" payee="" reconciledate="" action="" reconcileflag="0" value="-1234/1" shares="-1234/1" price="1/1" memo="" account="A000001" number="" bankid=""/>
        <SPLIT id="S0002" payee="" reconciledate="" action="" reconcileflag="0" value="1234/1" shares="1234/1" price="1/1" memo="" account="A000002" number="" bankid=""/>
      </SPLITS>
    </TRANSACTION>
    <TRANSACTION id="T000000000000000003" postdate="2024-01-26" memo="" entrydate="2024-01-26" commodity="EUR">
      <SPLITS>
        <SPLIT id="S0001" payee="" reconciledate="" action="" reconcileflag="0" value="-123/1" shares="-123/1" price="1/1" memo="Tag in splits" account="A000001" number="" bankid=""/>
        <SPLIT id="S0002" payee="" reconciledate="" action="" reconcileflag="0" value="12/1" shares="12/1" price="1/1" memo="" account="A000003" number="" bankid="">
          <TAG id="G000001"/>
        </SPLIT>
        <SPLIT id="S0003" payee="" reconciledate="" action="" reconcileflag="0" value="111/1" shares="111/1" price="1/1" memo="" account="A000004" number="" bankid="">
          <TAG id="G000002"/>
        </SPLIT>
      </SPLITS>
    </TRANSACTION>
    <TRANSACTION id="T000000000000000004" postdate="2024-01-26" memo="" entrydate="2024-01-26" commodity="EUR">
      <SPLITS>
        <SPLIT id="S0001" payee="" reconciledate="" action="" reconcileflag="0" value="-1111/1" shares="-1111/1" price="1/1" memo="" account="A000001" number="" bankid="">
          <TAG id="G000003"/>
        </SPLIT>
        <SPLIT id="S0002" payee="" reconciledate="" action="" reconcileflag="0" value="1111/1" shares="1111/1" price="1/1" memo="" account="A000001" number="" bankid="">
          <TAG id="G000003"/>
        </SPLIT>
      </SPLITS>
    </TRANSACTION>
    <TRANSACTION id="T000000000000000005" postdate="2024-01-27" memo="" entrydate="2024-10-22" commodity="EUR">
      <SPLITS>
        <SPLIT id="S0001" payee="" reconciledate="" action="" reconcileflag="0" value="-222/1" shares="-222/1" price="1/1" memo="Tag in transaction" account="A000001" number="" bankid=""/>
        <SPLIT id="S0002" payee="" reconciledate="" action="" reconcileflag="0" value="222/1" shares="222/1" price="1/1" memo="" account="A000003" number="" bankid="">
          <TAG id="G000003"/>
        </SPLIT>
      </SPLITS>
    </TRANSACTION>
  </TRANSACTIONS>
  <KEYVALUEPAIRS>
    <PAIR key="LastModificationDate" value="2024-10-22T00:03:06+02:00"/>
    <PAIR key="kmm-baseCurrency" value="EUR"/>
    <PAIR key="kmm-id" value="{581f210a-fd86-4ab0-85a0-03b2e974af87}"/>
  </KEYVALUEPAIRS>
  <SCHEDULES/>
  <SECURITIES/>
  <CURRENCIES>
    <CURRENCY id="EUR" name="Euro" symbol="â‚¬" type="3" rounding-method="0" saf="100" pp="4" scf="100"/>
    <CURRENCY id="RUB" name="Russian Ruble" symbol="RUB" type="3" rounding-method="0" saf="100" pp="4" scf="100"/>
    <CURRENCY id="USD" name="US Dollar" symbol="$" type="3" rounding-method="0" saf="100" pp="4" scf="100"/>
  </CURRENCIES>
  <PRICES>
    <PRICEPAIR from="EUR" to="USD">
      <PRICE date="2024-01-01" price="1/1" source="User"/>
      <PRICE date="2024-01-08" price="1/1" source="KMyMoney Currency"/>
      <PRICE date="2024-01-10" price="1/1" source="User"/>
    </PRICEPAIR>
    <PRICEPAIR from="RUB" to="EUR">
      <PRICE date="2024-01-08" price="1/100" source="KMyMoney Currency"/>
    </PRICEPAIR>
  </PRICES>
  <REPORTS>
    <REPORT id="R000002" type="querytable 1.15" group="Transactions" name="Transactions by Tag (Customised)" comment="Custom report" convertcurrency="1" favorite="0" skipZero="0" datelock="alldates" rowtype="tag" querycolumns="number,category" tax="0" propBudgetDiff="0" investments="0" loans="0" hidetransactions="0" showcolumntotals="1" detail="all" includestransfers="0"/>
  </REPORTS>
  <BUDGETS/>
  <ONLINEJOBS/>
</KMYMONEY-FILE>
