<?xml version="1.0" encoding="UTF-8"?>
<!DOCTYPE KMYMONEY-FILE>
<KMYMONEY-FILE>
  <FILEINFO>
    <CREATION_DATE date=""/>
    <LAST_MODIFIED_DATE date="2024-09-09T21:23:04+02:00"/>
    <VERSION id="1"/>
    <FIXVERSION date=""/>
    <APPVERSION id="5.1.80-84eec8fe7"/>
  </FILEINFO>
  <USER name="" email="">
    <ADDRESS street="" city="" state="" zip="" telephone="" country="" county="" zipcode="" postcode=""/>
  </USER>
  <INSTITUTIONS/>
  <PAYEES/>
  <COSTCENTERS/>
  <TAGS/>
  <ACCOUNTS>
    <ACCOUNT id="AStd::Asset" parentaccount="" lastreconciled="" lastmodified="" institution="" opened="" number="" type="9" name="Anlagen" description="" currency="EUR">
      <SUBACCOUNTS>
        <SUBACCOUNT id="A000001"/>
      </SUBACCOUNTS>
    </ACCOUNT>
    <ACCOUNT id="AStd::Liability" parentaccount="" lastreconciled="" lastmodified="" institution="" opened="" number="" type="10" name="Verbindlichkeiten" description="" currency="EUR">
      <SUBACCOUNTS>
        <SUBACCOUNT id="A000004"/>
      </SUBACCOUNTS>
    </ACCOUNT>
    <ACCOUNT id="AStd::Expense" parentaccount="" lastreconciled="" lastmodified="" institution="" opened="" number="" type="13" name="Ausgabe" description="" currency="EUR">
      <SUBACCOUNTS>
        <SUBACCOUNT id="A000002"/>
      </SUBACCOUNTS>
    </ACCOUNT>
    <ACCOUNT id="AStd::Income" parentaccount="" lastreconciled="" lastmodified="" institution="" opened="" number="" type="12" name="Einnahme" description="" currency="EUR">
      <SUBACCOUNTS>
        <SUBACCOUNT id="A000003"/>
      </SUBACCOUNTS>
    </ACCOUNT>
    <ACCOUNT id="AStd::Equity" parentaccount="" lastreconciled="" lastmodified="" institution="" opened="" number="" type="16" name="Eigenkapital" description="" currency="EUR"/>
    <ACCOUNT id="A000001" parentaccount="AStd::Asset" lastreconciled="" lastmodified="2024-09-09" institution="" opened="2024-01-01" number="" type="1" name="checking" description="" currency="EUR"/>
    <ACCOUNT id="A000002" parentaccount="AStd::Expense" lastreconciled="" lastmodified="2024-09-06" institution="" opened="1900-01-01" number="" type="13" name="Ausgabe" description="" currency="EUR"/>
    <ACCOUNT id="A000003" parentaccount="AStd::Income" lastreconciled="" lastmodified="2024-09-09" institution="" opened="1900-01-01" number="" type="12" name="Einnahme" description="" currency="EUR"/>
    <ACCOUNT id="A000004" parentaccount="AStd::Liability" lastreconciled="" lastmodified="2024-09-09" institution="" opened="2024-01-01" number="" type="10" name="Verbindlichkeiten" description="" currency="EUR"/>
  </ACCOUNTS>
  <TRANSACTIONS>
    <TRANSACTION id="T000000000000000001" postdate="2024-01-01" memo="" entrydate="2024-09-06" commodity="EUR">
      <SPLITS>
        <SPLIT id="S0001" payee="" reconciledate="" action="" reconcileflag="0" value="-123/1" shares="-123/1" price="1/1" memo="" account="A000001" number="" bankid=""/>
        <SPLIT id="S0002" payee="" reconciledate="" action="" reconcileflag="0" value="123/1" shares="123/1" price="1/1" memo="" account="A000002" number="" bankid=""/>
      </SPLITS>
    </TRANSACTION>
    <TRANSACTION id="T000000000000000002" postdate="2024-01-02" memo="" entrydate="2024-09-09" commodity="EUR">
      <SPLITS>
        <SPLIT id="S0001" payee="" reconciledate="" action="" reconcileflag="0" value="445/1" shares="445/1" price="1/1" memo="" account="A000001" number="" bankid=""/>
        <SPLIT id="S0002" payee="" reconciledate="" action="" reconcileflag="0" value="-445/1" shares="-445/1" price="1/1" memo="" account="A000003" number="" bankid=""/>
      </SPLITS>
    </TRANSACTION>
    <TRANSACTION id="T000000000000000003" postdate="2024-01-03" memo="" entrydate="2024-09-09" commodity="EUR">
      <SPLITS>
        <SPLIT id="S0001" payee="" reconciledate="" action="" reconcileflag="0" value="-100/1" shares="-100/1" price="1/1" memo="" account="A000001" number="" bankid=""/>
        <SPLIT id="S0002" payee="" reconciledate="" action="" reconcileflag="0" value="100/1" shares="100/1" price="1/1" memo="" account="A000004" number="" bankid=""/>
      </SPLITS>
    </TRANSACTION>
  </TRANSACTIONS>
  <KEYVALUEPAIRS>
    <PAIR key="LastModificationDate" value="2024-09-09T21:23:04+02:00"/>
    <PAIR key="kmm-baseCurrency" value="EUR"/>
    <PAIR key="kmm-id" value="{f8f47595-3cac-4ace-8579-b740638b1629}"/>
  </KEYVALUEPAIRS>
  <SCHEDULES/>
  <SECURITIES/>
  <CURRENCIES>
    <CURRENCY id="EUR" name="Euro" symbol="€" type="3" rounding-method="7" saf="100" pp="4" scf="100"/>
  </CURRENCIES>
  <PRICES/>
  <REPORTS>
    <REPORT id="R000008" type="querytable 1.15" group="Transactions" name="Buchungen nach Kategorie (angepasst)" comment="Benutzerdefinierter Bericht" convertcurrency="1" favorite="0" skipZero="0" datelock="userdefined" rowtype="category" querycolumns="number,payee,tag,account" tax="0" propBudgetDiff="0" investments="0" loans="0" hidetransactions="0" showcolumntotals="1" detail="all" includestransfers="0">
      <DATES from="2024-01-01" to="2024-12-31"/>
    </REPORT>
    <REPORT id="R000009" type="querytable 1.15" group="Transactions" name="Buchungen nach Konto (angepasst)" comment="Benutzerdefinierter Bericht" convertcurrency="1" favorite="0" skipZero="0" datelock="userdefined" rowtype="account" querycolumns="number,payee,category,tag,balance" tax="0" propBudgetDiff="0" investments="0" loans="0" hidetransactions="0" showcolumntotals="1" detail="all" includestransfers="0">
      <ACCOUNTGROUP group="asset"/>
      <ACCOUNTGROUP group="assetloan"/>
      <ACCOUNTGROUP group="cash"/>
      <ACCOUNTGROUP group="checkings"/>
      <ACCOUNTGROUP group="creditcard"/>
      <ACCOUNTGROUP group="expense"/>
      <ACCOUNTGROUP group="income"/>
      <ACCOUNTGROUP group="liability"/>
      <ACCOUNTGROUP group="loan"/>
      <ACCOUNTGROUP group="savings"/>
      <ACCOUNTGROUP group="stock"/>
      <DATES from="2024-01-01" to="2024-12-31"/>
    </REPORT>
    <REPORT id="R000010" type="querytable 1.15" group="Transactions" name="Buchungen nach Monaten (angepasst)" comment="Benutzerdefinierter Bericht" convertcurrency="1" favorite="0" skipZero="0" datelock="userdefined" rowtype="month" querycolumns="number,payee,category,tag" tax="0" propBudgetDiff="0" investments="0" loans="0" hidetransactions="0" showcolumntotals="1" detail="all" includestransfers="0">
      <DATES from="2024-01-01" to="2024-12-31"/>
    </REPORT>
    <REPORT id="R000011" type="querytable 1.15" group="CashFlow" name="Geldfluß-Buchungen nach Monaten (angepasst)" comment="Benutzerdefinierter Bericht" convertcurrency="1" favorite="0" skipZero="0" datelock="userdefined" rowtype="cashflow" querycolumns="number,payee,account" tax="0" propBudgetDiff="0" investments="0" loans="0" hidetransactions="0" showcolumntotals="1" detail="all" includestransfers="0">
      <ACCOUNTGROUP group="expense"/>
      <ACCOUNTGROUP group="income"/>
      <ACCOUNTGROUP group="asset"/>
      <ACCOUNTGROUP group="liability"/>
      <DATES from="2024-01-01" to="2024-12-31"/>
    </REPORT>
  </REPORTS>
  <BUDGETS/>
  <ONLINEJOBS/>
</KMYMONEY-FILE>
