<?xml version="1.0" encoding="UTF-8"?>
<!DOCTYPE KMYMONEY-FILE>
<KMYMONEY-FILE>
  <FILEINFO>
    <CREATION_DATE date=""/>
    <LAST_MODIFIED_DATE date="2024-09-09T22:43:37+02:00"/>
    <VERSION id="1"/>
    <FIXVERSION date=""/>
    <APPVERSION id="5.1.80-a82f24b57"/>
  </FILEINFO>
  <USER name="" email="">
    <ADDRESS street="" city="" state="" zip="" telephone="" country="" county="" zipcode="" postcode=""/>
  </USER>
  <INSTITUTIONS/>
  <PAYEES/>
  <COSTCENTERS/>
  <TAGS/>
  <ACCOUNTS>
    <ACCOUNT id="AStd::Asset" parentaccount="" lastreconciled="" lastmodified="" institution="" opened="" number="" type="9" name="Asset" description="" currency="EUR"/>
    <ACCOUNT id="AStd::Liability" parentaccount="" lastreconciled="" lastmodified="" institution="" opened="" number="" type="10" name="Liability" description="" currency="EUR">
      <SUBACCOUNTS>
        <SUBACCOUNT id="A000002"/>
        <SUBACCOUNT id="A000003"/>
      </SUBACCOUNTS>
    </ACCOUNT>
    <ACCOUNT id="AStd::Expense" parentaccount="" lastreconciled="" lastmodified="" institution="" opened="" number="" type="13" name="Expense" description="" currency="EUR">
      <SUBACCOUNTS>
        <SUBACCOUNT id="A000004"/>
      </SUBACCOUNTS>
    </ACCOUNT>
    <ACCOUNT id="AStd::Income" parentaccount="" lastreconciled="" lastmodified="" institution="" opened="" number="" type="12" name="Income" description="" currency="EUR"/>
    <ACCOUNT id="AStd::Equity" parentaccount="" lastreconciled="" lastmodified="" institution="" opened="" number="" type="16" name="Equity" description="" currency="EUR"/>
    <ACCOUNT id="A000002" parentaccount="AStd::Liability" lastreconciled="" lastmodified="2024-09-09" institution="" opened="2024-01-01" number="" type="10" name="L" description="" currency="EUR"/>
    <ACCOUNT id="A000003" parentaccount="AStd::Liability" lastreconciled="" lastmodified="2024-09-09" institution="" opened="2024-01-01" number="" type="4" name="C" description="" currency="EUR"/>
    <ACCOUNT id="A000004" parentaccount="AStd::Expense" lastreconciled="" lastmodified="2024-09-09" institution="" opened="1900-01-01" number="" type="13" name="E" description="" currency="EUR"/>
  </ACCOUNTS>
  <TRANSACTIONS>
    <TRANSACTION id="T000000000000000001" postdate="2024-01-04" memo="" entrydate="2024-09-09" commodity="EUR">
      <SPLITS>
        <SPLIT id="S0001" payee="" reconciledate="" action="" reconcileflag="0" value="-100/1" shares="-100/1" price="1/1" memo="" account="A000003" number="" bankid=""/>
        <SPLIT id="S0002" payee="" reconciledate="" action="" reconcileflag="0" value="50/1" shares="50/1" price="1/1" memo="" account="A000002" number="" bankid=""/>
        <SPLIT id="S0003" payee="" reconciledate="" action="" reconcileflag="0" value="50/1" shares="50/1" price="1/1" memo="" account="A000004" number="" bankid=""/>
      </SPLITS>
    </TRANSACTION>
  </TRANSACTIONS>
  <KEYVALUEPAIRS>
    <PAIR key="LastModificationDate" value="2024-09-09T22:43:37+02:00"/>
    <PAIR key="kmm-baseCurrency" value="EUR"/>
    <PAIR key="kmm-id" value="{3cb3361a-4929-4409-a743-f30b05c7bac0}"/>
  </KEYVALUEPAIRS>
  <SCHEDULES/>
  <SECURITIES/>
  <CURRENCIES>
    <CURRENCY id="EUR" name="Euro" symbol="â‚¬" type="3" rounding-method="7" saf="100" pp="4" scf="100"/>
  </CURRENCIES>
  <PRICES/>
  <REPORTS>
    <REPORT id="R000002" type="querytable 1.15" group="Transactions" name="Transactions by category (Customised)" comment="Custom report" convertcurrency="1" favorite="0" skipZero="0" datelock="yeartodate" rowtype="payee" querycolumns="number,payee,tag,account" tax="0" propBudgetDiff="0" investments="0" loans="0" hidetransactions="0" showcolumntotals="1" detail="all" includestransfers="0">
      <TYPE type="deposits"/>
      <ACCOUNT id="A000002"/>
    </REPORT>
    <REPORT id="R000003" type="querytable 1.15" group="Transactions" name="Transactions by account (Customised)" comment="Custom report" convertcurrency="1" favorite="0" skipZero="0" datelock="yeartodate" rowtype="payee" querycolumns="number,payee,category,tag,balance" tax="0" propBudgetDiff="0" investments="0" loans="0" hidetransactions="0" showcolumntotals="1" detail="all" includestransfers="0">
      <TYPE type="deposits"/>
      <ACCOUNT id="A000002"/>
    </REPORT>
  </REPORTS>
  <BUDGETS/>
  <ONLINEJOBS/>
</KMYMONEY-FILE>
