<?xml version="1.0" encoding="UTF-8"?>
<!DOCTYPE KMYMONEY-FILE>
<KMYMONEY-FILE>
  <FILEINFO>
    <CREATION_DATE date=""/>
    <LAST_MODIFIED_DATE date="2024-09-06T18:34:54+02:00"/>
    <VERSION id="1"/>
    <FIXVERSION date=""/>
    <APPVERSION id="5.1.80-0b17b59b1"/>
  </FILEINFO>
  <USER name="" email="">
    <ADDRESS street="" city="" state="" zip="" telephone="" country="" county="" zipcode="" postcode=""/>
  </USER>
  <INSTITUTIONS>
    <INSTITUTION id="I000001" name="Geldinstitute" manager="" sortcode="Bank Code">
      <ADDRESS street="Straße" city="Ort" state="" zip="PLZ" telephone="Telefon" country="" county="" zipcode="PLZ" postcode="PLZ"/>
      <ACCOUNTIDS>
        <ACCOUNTID id="A000002"/>
      </ACCOUNTIDS>
      <KEYVALUEPAIRS>
        <PAIR key="bic" value="SWIFT"/>
        <PAIR key="iconUrl" value="favicon url"/>
        <PAIR key="url" value="website url"/>
      </KEYVALUEPAIRS>
    </INSTITUTION>
  </INSTITUTIONS>
  <PAYEES>
    <PAYEE id="P000001" name="Bank" reference="" email="" matchingenabled="1" usingmatchkey="0" matchignorecase="1" matchkey="^$">
      <ADDRESS street="" city="" state="" zip="" telephone="" country="" county="" zipcode="" postcode=""/>
    </PAYEE>
  </PAYEES>
  <COSTCENTERS/>
  <TAGS/>
  <ACCOUNTS>
    <ACCOUNT id="AStd::Asset" parentaccount="" lastreconciled="" lastmodified="" institution="" opened="" number="" type="9" name="Anlagen" description="" currency="EUR">
      <SUBACCOUNTS>
        <SUBACCOUNT id="A000001"/>
        <SUBACCOUNT id="A000002"/>
      </SUBACCOUNTS>
    </ACCOUNT>
    <ACCOUNT id="AStd::Liability" parentaccount="" lastreconciled="" lastmodified="" institution="" opened="" number="" type="10" name="Verbindlichkeiten" description="" currency="EUR">
      <SUBACCOUNTS>
        <SUBACCOUNT id="A000006"/>
      </SUBACCOUNTS>
    </ACCOUNT>
    <ACCOUNT id="AStd::Expense" parentaccount="" lastreconciled="" lastmodified="" institution="" opened="" number="" type="13" name="Ausgabe" description="" currency="EUR">
      <SUBACCOUNTS>
        <SUBACCOUNT id="A000004"/>
        <SUBACCOUNT id="A000005"/>
      </SUBACCOUNTS>
    </ACCOUNT>
    <ACCOUNT id="AStd::Income" parentaccount="" lastreconciled="" lastmodified="" institution="" opened="" number="" type="12" name="Einnahme" description="" currency="EUR"/>
    <ACCOUNT id="AStd::Equity" parentaccount="" lastreconciled="" lastmodified="" institution="" opened="" number="" type="16" name="Eigenkapital" description="" currency="EUR">
      <SUBACCOUNTS>
        <SUBACCOUNT id="A000003"/>
      </SUBACCOUNTS>
    </ACCOUNT>
    <ACCOUNT id="A000001" parentaccount="AStd::Asset" lastreconciled="" lastmodified="" institution="" opened="2024-01-01" number="" type="1" name="girokonto" description="" currency="EUR"/>
    <ACCOUNT id="A000002" parentaccount="AStd::Asset" lastreconciled="" lastmodified="2024-09-06" institution="I000001" opened="2024-01-01" number="Kontonummer" type="1" name="girokonto-geldinstitut" description="" currency="EUR">
      <KEYVALUEPAIRS>
        <PAIR key="iban" value="IBAN"/>
      </KEYVALUEPAIRS>
    </ACCOUNT>
    <ACCOUNT id="A000003" parentaccount="AStd::Equity" lastreconciled="" lastmodified="2024-09-06" institution="" opened="2024-01-01" number="" type="16" name="Eröffnungssaldo" description="" currency="EUR">
      <KEYVALUEPAIRS>
        <PAIR key="OpeningBalanceAccount" value="Yes"/>
      </KEYVALUEPAIRS>
    </ACCOUNT>
    <ACCOUNT id="A000004" parentaccount="AStd::Expense" lastreconciled="" lastmodified="" institution="" opened="1900-01-01" number="" type="13" name="Ausgabe" description="" currency="EUR"/>
    <ACCOUNT id="A000005" parentaccount="AStd::Expense" lastreconciled="" lastmodified="" institution="" opened="1900-01-01" number="" type="13" name="Kreditzinsen" description="" currency="EUR"/>
    <ACCOUNT id="A000006" parentaccount="AStd::Liability" lastreconciled="" lastmodified="2024-09-06" institution="" opened="2024-01-01" number="" type="5" name="Kredit" description="" currency="EUR">
      <KEYVALUEPAIRS>
        <PAIR key="compoundingFrequency" value="32"/>
        <PAIR key="final-payment" value="8409/100"/>
        <PAIR key="fixed-interest" value="yes"/>
        <PAIR key="interest-calculation" value="paymentReceived"/>
        <PAIR key="ir-2024-01-01" value="2/1"/>
        <PAIR key="ir-2024-09-01" value="2/1"/>
        <PAIR key="loan-amount" value="1000/1"/>
        <PAIR key="periodic-payment" value="2106/25"/>
        <PAIR key="schedule" value="SCH000002"/>
        <PAIR key="term" value="11"/>
      </KEYVALUEPAIRS>
    </ACCOUNT>
  </ACCOUNTS>
  <TRANSACTIONS>
    <TRANSACTION id="T000000000000000001" postdate="2024-01-01" memo="" entrydate="2024-09-06" commodity="EUR">
      <SPLITS>
        <SPLIT id="S0001" payee="" reconciledate="" action="" reconcileflag="0" value="123/1" shares="123/1" price="1/1" memo="" account="A000002" number="" bankid=""/>
        <SPLIT id="S0002" payee="" reconciledate="" action="" reconcileflag="0" value="-123/1" shares="-123/1" price="1/1" memo="" account="A000003" number="" bankid=""/>
      </SPLITS>
    </TRANSACTION>
    <TRANSACTION id="T000000000000000002" postdate="2024-09-01" memo="" entrydate="2024-09-06" commodity="EUR">
      <SPLITS>
        <SPLIT id="S0001" payee="" reconciledate="" action="" reconcileflag="0" value="-1000/1" shares="-1000/1" price="1/1" memo="" account="A000006" number="" bankid=""/>
        <SPLIT id="S0002" payee="" reconciledate="" action="" reconcileflag="0" value="1000/1" shares="1000/1" price="1/1" memo="" account="A000002" number="" bankid=""/>
      </SPLITS>
    </TRANSACTION>
  </TRANSACTIONS>
  <KEYVALUEPAIRS>
    <PAIR key="LastModificationDate" value="2024-09-06T18:34:54+02:00"/>
    <PAIR key="kmm-baseCurrency" value="EUR"/>
    <PAIR key="kmm-id" value="{994f9512-1fe0-48da-9ffc-43c575339c0d}"/>
  </KEYVALUEPAIRS>
  <SCHEDULES>
    <SCHEDULED_TX id="SCH000001" name="testplan" type="1" occurence="32" occurenceMultiplier="1" paymentType="8" startDate="2024-08-29" endDate="" fixed="1" lastDayInMonth="0" autoEnter="0" lastPayment="" weekendOption="2">
      <PAYMENTS/>
      <TRANSACTION id="" postdate="2024-08-29" memo="" entrydate="" commodity="EUR">
        <SPLITS>
          <SPLIT id="S0001" payee="" reconciledate="" action="" reconcileflag="0" value="-123/1" shares="-123/1" price="1/1" memo="" account="A000001" number="" bankid=""/>
          <SPLIT id="S0002" payee="" reconciledate="" action="" reconcileflag="0" value="123/1" shares="123/1" price="1/1" memo="" account="A000004" number="" bankid=""/>
        </SPLITS>
      </TRANSACTION>
    </SCHEDULED_TX>
    <SCHEDULED_TX id="SCH000002" name="Kreditzahlung für Kredit" type="5" occurence="32" occurenceMultiplier="1" paymentType="1" startDate="2024-01-01" endDate="" fixed="1" lastDayInMonth="0" autoEnter="0" lastPayment="" weekendOption="2">
      <PAYMENTS/>
      <TRANSACTION id="" postdate="2024-01-01" memo="" entrydate="" commodity="EUR">
        <SPLITS>
          <SPLIT id="S0001" payee="" reconciledate="" action="Amortization" reconcileflag="0" value="-2106/25" shares="-2106/25" price="1/1" memo="" account="A000001" number="" bankid=""/>
          <SPLIT id="S0002" payee="" reconciledate="" action="Amortization" reconcileflag="0" value="-9223372036854775807/100" shares="-9223372036854775807/100" price="1/1" memo="" account="A000006" number="" bankid=""/>
          <SPLIT id="S0003" payee="" reconciledate="" action="Interest" reconcileflag="0" value="-9223372036854775807/100" shares="-9223372036854775807/100" price="1/1" memo="" account="A000005" number="" bankid=""/>
        </SPLITS>
      </TRANSACTION>
    </SCHEDULED_TX>
  </SCHEDULES>
  <SECURITIES/>
  <CURRENCIES>
    <CURRENCY id="EUR" name="Euro" symbol="€" type="3" rounding-method="7" saf="100" pp="4" scf="100"/>
  </CURRENCIES>
  <PRICES/>
  <REPORTS>
    <REPORT id="R000001" type="infotable 1.0" group="Information" name="Konto-Informationen (angepasst)" comment="Benutzerdefinierter Bericht" convertcurrency="0" favorite="0" skipZero="0" datelock="today" rowtype="accountinfo" showrowtotals="0">
      <ACCOUNTGROUP group="asset"/>
      <ACCOUNTGROUP group="liability"/>
    </REPORT>
    <REPORT id="R000002" type="infotable 1.0" group="Information" name="Informationen zu geplanten Buchungen (angepasst)" comment="Benutzerdefinierter Bericht" convertcurrency="1" favorite="0" skipZero="0" datelock="next12months" rowtype="schedule" showrowtotals="0"/>
    <REPORT id="R000005" type="infotable 1.0" group="Information" name="Darlehen-Informationen (angepasst)" comment="Benutzerdefinierter Bericht" convertcurrency="0" favorite="0" skipZero="0" datelock="today" rowtype="accountloaninfo" showrowtotals="0"/>
  </REPORTS>
  <BUDGETS/>
  <ONLINEJOBS/>
</KMYMONEY-FILE>
